

Started GET "/" for 127.0.0.1 at 2013-07-29 23:52:17 +0200
Processing by Rails::WelcomeController#index as HTML
  Rendered /Users/javier/.rvm/gems/ruby-2.0.0-p247@qm/gems/railties-4.0.0/lib/rails/templates/rails/welcome/index.html.erb (1.4ms)
Completed 200 OK in 24ms (Views: 6.0ms | ActiveRecord: 0.0ms)


Started GET "/" for 127.0.0.1 at 2013-07-30 21:18:12 +0200

PG::ConnectionBad (FATAL:  database "qm_development" does not exist
):
  activerecord (4.0.0) lib/active_record/connection_adapters/postgresql_adapter.rb:825:in `initialize'
  activerecord (4.0.0) lib/active_record/connection_adapters/postgresql_adapter.rb:825:in `new'
  activerecord (4.0.0) lib/active_record/connection_adapters/postgresql_adapter.rb:825:in `connect'
  activerecord (4.0.0) lib/active_record/connection_adapters/postgresql_adapter.rb:542:in `initialize'
  activerecord (4.0.0) lib/active_record/connection_adapters/postgresql_adapter.rb:41:in `new'
  activerecord (4.0.0) lib/active_record/connection_adapters/postgresql_adapter.rb:41:in `postgresql_connection'
  activerecord (4.0.0) lib/active_record/connection_adapters/abstract/connection_pool.rb:440:in `new_connection'
  activerecord (4.0.0) lib/active_record/connection_adapters/abstract/connection_pool.rb:450:in `checkout_new_connection'
  activerecord (4.0.0) lib/active_record/connection_adapters/abstract/connection_pool.rb:421:in `acquire_connection'
  activerecord (4.0.0) lib/active_record/connection_adapters/abstract/connection_pool.rb:356:in `block in checkout'
  /Users/javier/.rvm/rubies/ruby-2.0.0-p247/lib/ruby/2.0.0/monitor.rb:211:in `mon_synchronize'
  activerecord (4.0.0) lib/active_record/connection_adapters/abstract/connection_pool.rb:355:in `checkout'
  activerecord (4.0.0) lib/active_record/connection_adapters/abstract/connection_pool.rb:265:in `block in connection'
  /Users/javier/.rvm/rubies/ruby-2.0.0-p247/lib/ruby/2.0.0/monitor.rb:211:in `mon_synchronize'
  activerecord (4.0.0) lib/active_record/connection_adapters/abstract/connection_pool.rb:264:in `connection'
  activerecord (4.0.0) lib/active_record/connection_adapters/abstract/connection_pool.rb:546:in `retrieve_connection'
  activerecord (4.0.0) lib/active_record/connection_handling.rb:79:in `retrieve_connection'
  activerecord (4.0.0) lib/active_record/connection_handling.rb:53:in `connection'
  activerecord (4.0.0) lib/active_record/query_cache.rb:51:in `restore_query_cache_settings'
  activerecord (4.0.0) lib/active_record/query_cache.rb:43:in `rescue in call'
  activerecord (4.0.0) lib/active_record/query_cache.rb:32:in `call'
  activerecord (4.0.0) lib/active_record/connection_adapters/abstract/connection_pool.rb:626:in `call'
  activerecord (4.0.0) lib/active_record/migration.rb:369:in `call'
  actionpack (4.0.0) lib/action_dispatch/middleware/callbacks.rb:29:in `block in call'
  activesupport (4.0.0) lib/active_support/callbacks.rb:373:in `_run__1722273425661513051__call__callbacks'
  activesupport (4.0.0) lib/active_support/callbacks.rb:80:in `run_callbacks'
  actionpack (4.0.0) lib/action_dispatch/middleware/callbacks.rb:27:in `call'
  actionpack (4.0.0) lib/action_dispatch/middleware/reloader.rb:64:in `call'
  actionpack (4.0.0) lib/action_dispatch/middleware/remote_ip.rb:76:in `call'
  actionpack (4.0.0) lib/action_dispatch/middleware/debug_exceptions.rb:17:in `call'
  actionpack (4.0.0) lib/action_dispatch/middleware/show_exceptions.rb:30:in `call'
  railties (4.0.0) lib/rails/rack/logger.rb:38:in `call_app'
  railties (4.0.0) lib/rails/rack/logger.rb:21:in `block in call'
  activesupport (4.0.0) lib/active_support/tagged_logging.rb:67:in `block in tagged'
  activesupport (4.0.0) lib/active_support/tagged_logging.rb:25:in `tagged'
  activesupport (4.0.0) lib/active_support/tagged_logging.rb:67:in `tagged'
  railties (4.0.0) lib/rails/rack/logger.rb:21:in `call'
  actionpack (4.0.0) lib/action_dispatch/middleware/request_id.rb:21:in `call'
  rack (1.5.2) lib/rack/methodoverride.rb:21:in `call'
  rack (1.5.2) lib/rack/runtime.rb:17:in `call'
  activesupport (4.0.0) lib/active_support/cache/strategy/local_cache.rb:83:in `call'
  rack (1.5.2) lib/rack/lock.rb:17:in `call'
  actionpack (4.0.0) lib/action_dispatch/middleware/static.rb:64:in `call'
  railties (4.0.0) lib/rails/engine.rb:511:in `call'
  railties (4.0.0) lib/rails/application.rb:97:in `call'
  rack (1.5.2) lib/rack/lock.rb:17:in `call'
  rack (1.5.2) lib/rack/content_length.rb:14:in `call'
  rack (1.5.2) lib/rack/handler/webrick.rb:60:in `service'
  /Users/javier/.rvm/rubies/ruby-2.0.0-p247/lib/ruby/2.0.0/webrick/httpserver.rb:138:in `service'
  /Users/javier/.rvm/rubies/ruby-2.0.0-p247/lib/ruby/2.0.0/webrick/httpserver.rb:94:in `run'
  /Users/javier/.rvm/rubies/ruby-2.0.0-p247/lib/ruby/2.0.0/webrick/server.rb:295:in `block in start_thread'


  Rendered /Users/javier/.rvm/gems/ruby-2.0.0-p247@qm/gems/actionpack-4.0.0/lib/action_dispatch/middleware/templates/rescues/_source.erb (1.2ms)
  Rendered /Users/javier/.rvm/gems/ruby-2.0.0-p247@qm/gems/actionpack-4.0.0/lib/action_dispatch/middleware/templates/rescues/_trace.erb (1.1ms)
  Rendered /Users/javier/.rvm/gems/ruby-2.0.0-p247@qm/gems/actionpack-4.0.0/lib/action_dispatch/middleware/templates/rescues/_request_and_response.erb (0.9ms)
  Rendered /Users/javier/.rvm/gems/ruby-2.0.0-p247@qm/gems/actionpack-4.0.0/lib/action_dispatch/middleware/templates/rescues/diagnostics.erb within rescues/layout (25.2ms)


Started GET "/" for 127.0.0.1 at 2013-07-30 21:18:58 +0200
Processing by HomeController#index as HTML
  Rendered home/index.html.erb within layouts/application (1.3ms)
Completed 200 OK in 3092ms (Views: 2765.0ms | ActiveRecord: 0.0ms)


Started GET "/assets/application.css?body=1" for 127.0.0.1 at 2013-07-30 21:19:02 +0200


Started GET "/assets/home.css?body=1" for 127.0.0.1 at 2013-07-30 21:19:02 +0200


Started GET "/assets/jquery.js?body=1" for 127.0.0.1 at 2013-07-30 21:19:02 +0200


Started GET "/assets/home.js?body=1" for 127.0.0.1 at 2013-07-30 21:19:02 +0200


Started GET "/assets/jquery_ujs.js?body=1" for 127.0.0.1 at 2013-07-30 21:19:02 +0200


Started GET "/assets/turbolinks.js?body=1" for 127.0.0.1 at 2013-07-30 21:19:02 +0200


Started GET "/assets/application.js?body=1" for 127.0.0.1 at 2013-07-30 21:19:02 +0200
  [1m[36m (157.0ms)[0m  [1mCREATE TABLE "schema_migrations" ("version" character varying(255) NOT NULL) [0m
  [1m[35m (19.1ms)[0m  CREATE UNIQUE INDEX "unique_schema_migrations" ON "schema_migrations" ("version")
  [1m[36mActiveRecord::SchemaMigration Load (7.7ms)[0m  [1mSELECT "schema_migrations".* FROM "schema_migrations"[0m
Migrating to DeviseCreateUsers (20130730192023)
  [1m[35m (0.6ms)[0m  BEGIN
  [1m[36m (98.5ms)[0m  [1mCREATE TABLE "users" ("id" serial primary key, "email" character varying(255) DEFAULT '' NOT NULL, "encrypted_password" character varying(255) DEFAULT '' NOT NULL, "reset_password_token" character varying(255), "reset_password_sent_at" timestamp, "remember_created_at" timestamp, "sign_in_count" integer DEFAULT 0, "current_sign_in_at" timestamp, "last_sign_in_at" timestamp, "current_sign_in_ip" character varying(255), "last_sign_in_ip" character varying(255), "created_at" timestamp, "updated_at" timestamp) [0m
  [1m[35m (1.5ms)[0m  CREATE UNIQUE INDEX "index_users_on_email" ON "users" ("email")
  [1m[36m (1.6ms)[0m  [1mCREATE UNIQUE INDEX "index_users_on_reset_password_token" ON "users" ("reset_password_token")[0m
  [1m[35mSQL (21.9ms)[0m  INSERT INTO "schema_migrations" ("version") VALUES ($1)  [["version", "20130730192023"]]
  [1m[36m (0.8ms)[0m  [1mCOMMIT[0m
  [1m[35mActiveRecord::SchemaMigration Load (0.4ms)[0m  SELECT "schema_migrations".* FROM "schema_migrations"


Started GET "/" for 127.0.0.1 at 2013-07-30 21:48:30 +0200
  [1m[36mActiveRecord::SchemaMigration Load (0.4ms)[0m  [1mSELECT "schema_migrations".* FROM "schema_migrations"[0m
Processing by HomeController#index as HTML
  Rendered home/index.html.erb within layouts/application (2.0ms)
Completed 200 OK in 96ms (Views: 35.1ms | ActiveRecord: 0.0ms)


Started GET "/assets/application.css?body=1" for 127.0.0.1 at 2013-07-30 21:48:31 +0200


Started GET "/assets/jquery.js?body=1" for 127.0.0.1 at 2013-07-30 21:48:31 +0200


Started GET "/assets/home.css?body=1" for 127.0.0.1 at 2013-07-30 21:48:31 +0200


Started GET "/assets/jquery_ujs.js?body=1" for 127.0.0.1 at 2013-07-30 21:48:31 +0200


Started GET "/assets/turbolinks.js?body=1" for 127.0.0.1 at 2013-07-30 21:48:31 +0200


Started GET "/assets/home.js?body=1" for 127.0.0.1 at 2013-07-30 21:48:31 +0200


Started GET "/assets/application.js?body=1" for 127.0.0.1 at 2013-07-30 21:48:31 +0200


Started GET "/users/sign_up" for 127.0.0.1 at 2013-07-30 21:48:40 +0200
Processing by Devise::RegistrationsController#new as HTML
  Rendered /Users/javier/.rvm/gems/ruby-2.0.0-p247@qm/gems/devise-3.0.0.rc/app/views/devise/shared/_links.erb (3.2ms)
  Rendered /Users/javier/.rvm/gems/ruby-2.0.0-p247@qm/gems/devise-3.0.0.rc/app/views/devise/registrations/new.html.erb within layouts/application (187.7ms)
Completed 200 OK in 208ms (Views: 194.7ms | ActiveRecord: 1.9ms)


Started GET "/assets/application.css?body=1" for 127.0.0.1 at 2013-07-30 21:48:40 +0200


Started GET "/assets/home.css?body=1" for 127.0.0.1 at 2013-07-30 21:48:40 +0200


Started GET "/assets/jquery.js?body=1" for 127.0.0.1 at 2013-07-30 21:48:40 +0200


Started GET "/assets/jquery_ujs.js?body=1" for 127.0.0.1 at 2013-07-30 21:48:40 +0200


Started GET "/assets/home.js?body=1" for 127.0.0.1 at 2013-07-30 21:48:40 +0200


Started GET "/assets/turbolinks.js?body=1" for 127.0.0.1 at 2013-07-30 21:48:40 +0200


Started GET "/assets/application.js?body=1" for 127.0.0.1 at 2013-07-30 21:48:40 +0200


Started POST "/users" for 127.0.0.1 at 2013-07-30 21:49:32 +0200
Processing by Devise::RegistrationsController#create as HTML
  Parameters: {"utf8"=>"✓", "authenticity_token"=>"YiN5hFfTwiV35zVU4m1zjruGers1bCQtksMt12g5mNo=", "user"=>{"email"=>"javomorales@gmail.com", "password"=>"[FILTERED]", "password_confirmation"=>"[FILTERED]"}, "commit"=>"Sign up"}
  [1m[35m (0.2ms)[0m  BEGIN
  [1m[36mUser Exists (1.0ms)[0m  [1mSELECT 1 AS one FROM "users" WHERE "users"."email" = 'javomorales@gmail.com' LIMIT 1[0m
  [1m[35mSQL (32.0ms)[0m  INSERT INTO "users" ("created_at", "email", "encrypted_password", "updated_at") VALUES ($1, $2, $3, $4) RETURNING "id"  [["created_at", Tue, 30 Jul 2013 19:49:32 UTC +00:00], ["email", "javomorales@gmail.com"], ["encrypted_password", "$2a$10$VGguuYP.RvwZZulPOeyYdOkfdBeB3n/Bna.5mRNLVaOLvNWI2J.A."], ["updated_at", Tue, 30 Jul 2013 19:49:32 UTC +00:00]]
  [1m[36m (1.8ms)[0m  [1mCOMMIT[0m
  [1m[35m (0.3ms)[0m  BEGIN
  [1m[36mSQL (1.0ms)[0m  [1mUPDATE "users" SET "last_sign_in_at" = $1, "current_sign_in_at" = $2, "last_sign_in_ip" = $3, "current_sign_in_ip" = $4, "sign_in_count" = $5, "updated_at" = $6 WHERE "users"."id" = 1[0m  [["last_sign_in_at", Tue, 30 Jul 2013 19:49:32 UTC +00:00], ["current_sign_in_at", Tue, 30 Jul 2013 19:49:32 UTC +00:00], ["last_sign_in_ip", "127.0.0.1"], ["current_sign_in_ip", "127.0.0.1"], ["sign_in_count", 1], ["updated_at", Tue, 30 Jul 2013 19:49:32 UTC +00:00]]
  [1m[35m (0.5ms)[0m  COMMIT
Redirected to http://localhost:3000/
Completed 302 Found in 194ms (ActiveRecord: 37.1ms)


Started GET "/" for 127.0.0.1 at 2013-07-30 21:49:32 +0200
Processing by HomeController#index as HTML
  Rendered home/index.html.erb within layouts/application (0.1ms)
Completed 200 OK in 6ms (Views: 5.6ms | ActiveRecord: 0.0ms)


Started GET "/assets/application.css?body=1" for 127.0.0.1 at 2013-07-30 21:49:32 +0200


Started GET "/assets/home.css?body=1" for 127.0.0.1 at 2013-07-30 21:49:32 +0200


Started GET "/assets/jquery.js?body=1" for 127.0.0.1 at 2013-07-30 21:49:32 +0200


Started GET "/assets/jquery_ujs.js?body=1" for 127.0.0.1 at 2013-07-30 21:49:32 +0200


Started GET "/assets/application.js?body=1" for 127.0.0.1 at 2013-07-30 21:49:32 +0200


Started GET "/assets/home.js?body=1" for 127.0.0.1 at 2013-07-30 21:49:32 +0200


Started GET "/assets/turbolinks.js?body=1" for 127.0.0.1 at 2013-07-30 21:49:32 +0200


Started GET "/users/sign_in" for 127.0.0.1 at 2013-07-30 21:49:49 +0200
Processing by Devise::SessionsController#new as HTML
  [1m[36mUser Load (0.9ms)[0m  [1mSELECT "users".* FROM "users" WHERE "users"."id" = 1 ORDER BY "users"."id" ASC LIMIT 1[0m
Redirected to http://localhost:3000/
Filter chain halted as :require_no_authentication rendered or redirected
Completed 302 Found in 6ms (ActiveRecord: 0.9ms)


Started GET "/" for 127.0.0.1 at 2013-07-30 21:49:49 +0200
Processing by HomeController#index as HTML
  Rendered home/index.html.erb within layouts/application (0.1ms)
Completed 200 OK in 5ms (Views: 4.2ms | ActiveRecord: 0.0ms)


Started GET "/assets/jquery.js?body=1" for 127.0.0.1 at 2013-07-30 21:49:49 +0200


Started GET "/assets/application.css?body=1" for 127.0.0.1 at 2013-07-30 21:49:49 +0200


Started GET "/assets/home.css?body=1" for 127.0.0.1 at 2013-07-30 21:49:49 +0200


Started GET "/assets/home.js?body=1" for 127.0.0.1 at 2013-07-30 21:49:49 +0200


Started GET "/assets/turbolinks.js?body=1" for 127.0.0.1 at 2013-07-30 21:49:49 +0200


Started GET "/assets/jquery_ujs.js?body=1" for 127.0.0.1 at 2013-07-30 21:49:49 +0200


Started GET "/assets/application.js?body=1" for 127.0.0.1 at 2013-07-30 21:49:49 +0200


Started GET "/users/sign_out" for 127.0.0.1 at 2013-07-30 21:49:56 +0200

ActionController::RoutingError (No route matches [GET] "/users/sign_out"):
  actionpack (4.0.0) lib/action_dispatch/middleware/debug_exceptions.rb:21:in `call'
  actionpack (4.0.0) lib/action_dispatch/middleware/show_exceptions.rb:30:in `call'
  railties (4.0.0) lib/rails/rack/logger.rb:38:in `call_app'
  railties (4.0.0) lib/rails/rack/logger.rb:21:in `block in call'
  activesupport (4.0.0) lib/active_support/tagged_logging.rb:67:in `block in tagged'
  activesupport (4.0.0) lib/active_support/tagged_logging.rb:25:in `tagged'
  activesupport (4.0.0) lib/active_support/tagged_logging.rb:67:in `tagged'
  railties (4.0.0) lib/rails/rack/logger.rb:21:in `call'
  actionpack (4.0.0) lib/action_dispatch/middleware/request_id.rb:21:in `call'
  rack (1.5.2) lib/rack/methodoverride.rb:21:in `call'
  rack (1.5.2) lib/rack/runtime.rb:17:in `call'
  activesupport (4.0.0) lib/active_support/cache/strategy/local_cache.rb:83:in `call'
  rack (1.5.2) lib/rack/lock.rb:17:in `call'
  actionpack (4.0.0) lib/action_dispatch/middleware/static.rb:64:in `call'
  railties (4.0.0) lib/rails/engine.rb:511:in `call'
  railties (4.0.0) lib/rails/application.rb:97:in `call'
  rack (1.5.2) lib/rack/lock.rb:17:in `call'
  rack (1.5.2) lib/rack/content_length.rb:14:in `call'
  rack (1.5.2) lib/rack/handler/webrick.rb:60:in `service'
  /Users/javier/.rvm/rubies/ruby-2.0.0-p247/lib/ruby/2.0.0/webrick/httpserver.rb:138:in `service'
  /Users/javier/.rvm/rubies/ruby-2.0.0-p247/lib/ruby/2.0.0/webrick/httpserver.rb:94:in `run'
  /Users/javier/.rvm/rubies/ruby-2.0.0-p247/lib/ruby/2.0.0/webrick/server.rb:295:in `block in start_thread'


  Rendered /Users/javier/.rvm/gems/ruby-2.0.0-p247@qm/gems/actionpack-4.0.0/lib/action_dispatch/middleware/templates/rescues/_trace.erb (1.5ms)
  Rendered /Users/javier/.rvm/gems/ruby-2.0.0-p247@qm/gems/actionpack-4.0.0/lib/action_dispatch/middleware/templates/routes/_route.html.erb (2.0ms)
  Rendered /Users/javier/.rvm/gems/ruby-2.0.0-p247@qm/gems/actionpack-4.0.0/lib/action_dispatch/middleware/templates/routes/_table.html.erb (1.8ms)
  Rendered /Users/javier/.rvm/gems/ruby-2.0.0-p247@qm/gems/actionpack-4.0.0/lib/action_dispatch/middleware/templates/rescues/routing_error.erb within rescues/layout (31.3ms)


Started GET "/users/sign_out" for 127.0.0.1 at 2013-07-30 21:50:20 +0200

ActionController::RoutingError (No route matches [GET] "/users/sign_out"):
  actionpack (4.0.0) lib/action_dispatch/middleware/debug_exceptions.rb:21:in `call'
  actionpack (4.0.0) lib/action_dispatch/middleware/show_exceptions.rb:30:in `call'
  railties (4.0.0) lib/rails/rack/logger.rb:38:in `call_app'
  railties (4.0.0) lib/rails/rack/logger.rb:21:in `block in call'
  activesupport (4.0.0) lib/active_support/tagged_logging.rb:67:in `block in tagged'
  activesupport (4.0.0) lib/active_support/tagged_logging.rb:25:in `tagged'
  activesupport (4.0.0) lib/active_support/tagged_logging.rb:67:in `tagged'
  railties (4.0.0) lib/rails/rack/logger.rb:21:in `call'
  actionpack (4.0.0) lib/action_dispatch/middleware/request_id.rb:21:in `call'
  rack (1.5.2) lib/rack/methodoverride.rb:21:in `call'
  rack (1.5.2) lib/rack/runtime.rb:17:in `call'
  activesupport (4.0.0) lib/active_support/cache/strategy/local_cache.rb:83:in `call'
  rack (1.5.2) lib/rack/lock.rb:17:in `call'
  actionpack (4.0.0) lib/action_dispatch/middleware/static.rb:64:in `call'
  railties (4.0.0) lib/rails/engine.rb:511:in `call'
  railties (4.0.0) lib/rails/application.rb:97:in `call'
  rack (1.5.2) lib/rack/lock.rb:17:in `call'
  rack (1.5.2) lib/rack/content_length.rb:14:in `call'
  rack (1.5.2) lib/rack/handler/webrick.rb:60:in `service'
  /Users/javier/.rvm/rubies/ruby-2.0.0-p247/lib/ruby/2.0.0/webrick/httpserver.rb:138:in `service'
  /Users/javier/.rvm/rubies/ruby-2.0.0-p247/lib/ruby/2.0.0/webrick/httpserver.rb:94:in `run'
  /Users/javier/.rvm/rubies/ruby-2.0.0-p247/lib/ruby/2.0.0/webrick/server.rb:295:in `block in start_thread'


  Rendered /Users/javier/.rvm/gems/ruby-2.0.0-p247@qm/gems/actionpack-4.0.0/lib/action_dispatch/middleware/templates/rescues/_trace.erb (1.3ms)
  Rendered /Users/javier/.rvm/gems/ruby-2.0.0-p247@qm/gems/actionpack-4.0.0/lib/action_dispatch/middleware/templates/routes/_route.html.erb (1.7ms)
  Rendered /Users/javier/.rvm/gems/ruby-2.0.0-p247@qm/gems/actionpack-4.0.0/lib/action_dispatch/middleware/templates/routes/_table.html.erb (1.0ms)
  Rendered /Users/javier/.rvm/gems/ruby-2.0.0-p247@qm/gems/actionpack-4.0.0/lib/action_dispatch/middleware/templates/rescues/routing_error.erb within rescues/layout (20.8ms)


Started GET "/users/sign_out" for 127.0.0.1 at 2013-07-30 21:50:23 +0200

ActionController::RoutingError (No route matches [GET] "/users/sign_out"):
  actionpack (4.0.0) lib/action_dispatch/middleware/debug_exceptions.rb:21:in `call'
  actionpack (4.0.0) lib/action_dispatch/middleware/show_exceptions.rb:30:in `call'
  railties (4.0.0) lib/rails/rack/logger.rb:38:in `call_app'
  railties (4.0.0) lib/rails/rack/logger.rb:21:in `block in call'
  activesupport (4.0.0) lib/active_support/tagged_logging.rb:67:in `block in tagged'
  activesupport (4.0.0) lib/active_support/tagged_logging.rb:25:in `tagged'
  activesupport (4.0.0) lib/active_support/tagged_logging.rb:67:in `tagged'
  railties (4.0.0) lib/rails/rack/logger.rb:21:in `call'
  actionpack (4.0.0) lib/action_dispatch/middleware/request_id.rb:21:in `call'
  rack (1.5.2) lib/rack/methodoverride.rb:21:in `call'
  rack (1.5.2) lib/rack/runtime.rb:17:in `call'
  activesupport (4.0.0) lib/active_support/cache/strategy/local_cache.rb:83:in `call'
  rack (1.5.2) lib/rack/lock.rb:17:in `call'
  actionpack (4.0.0) lib/action_dispatch/middleware/static.rb:64:in `call'
  railties (4.0.0) lib/rails/engine.rb:511:in `call'
  railties (4.0.0) lib/rails/application.rb:97:in `call'
  rack (1.5.2) lib/rack/lock.rb:17:in `call'
  rack (1.5.2) lib/rack/content_length.rb:14:in `call'
  rack (1.5.2) lib/rack/handler/webrick.rb:60:in `service'
  /Users/javier/.rvm/rubies/ruby-2.0.0-p247/lib/ruby/2.0.0/webrick/httpserver.rb:138:in `service'
  /Users/javier/.rvm/rubies/ruby-2.0.0-p247/lib/ruby/2.0.0/webrick/httpserver.rb:94:in `run'
  /Users/javier/.rvm/rubies/ruby-2.0.0-p247/lib/ruby/2.0.0/webrick/server.rb:295:in `block in start_thread'


  Rendered /Users/javier/.rvm/gems/ruby-2.0.0-p247@qm/gems/actionpack-4.0.0/lib/action_dispatch/middleware/templates/rescues/_trace.erb (1.2ms)
  Rendered /Users/javier/.rvm/gems/ruby-2.0.0-p247@qm/gems/actionpack-4.0.0/lib/action_dispatch/middleware/templates/routes/_route.html.erb (1.8ms)
  Rendered /Users/javier/.rvm/gems/ruby-2.0.0-p247@qm/gems/actionpack-4.0.0/lib/action_dispatch/middleware/templates/routes/_table.html.erb (1.0ms)
  Rendered /Users/javier/.rvm/gems/ruby-2.0.0-p247@qm/gems/actionpack-4.0.0/lib/action_dispatch/middleware/templates/rescues/routing_error.erb within rescues/layout (20.4ms)


Started GET "/users/sign_out" for 127.0.0.1 at 2013-07-30 21:50:28 +0200

ActionController::RoutingError (No route matches [GET] "/users/sign_out"):
  actionpack (4.0.0) lib/action_dispatch/middleware/debug_exceptions.rb:21:in `call'
  actionpack (4.0.0) lib/action_dispatch/middleware/show_exceptions.rb:30:in `call'
  railties (4.0.0) lib/rails/rack/logger.rb:38:in `call_app'
  railties (4.0.0) lib/rails/rack/logger.rb:21:in `block in call'
  activesupport (4.0.0) lib/active_support/tagged_logging.rb:67:in `block in tagged'
  activesupport (4.0.0) lib/active_support/tagged_logging.rb:25:in `tagged'
  activesupport (4.0.0) lib/active_support/tagged_logging.rb:67:in `tagged'
  railties (4.0.0) lib/rails/rack/logger.rb:21:in `call'
  actionpack (4.0.0) lib/action_dispatch/middleware/request_id.rb:21:in `call'
  rack (1.5.2) lib/rack/methodoverride.rb:21:in `call'
  rack (1.5.2) lib/rack/runtime.rb:17:in `call'
  activesupport (4.0.0) lib/active_support/cache/strategy/local_cache.rb:83:in `call'
  rack (1.5.2) lib/rack/lock.rb:17:in `call'
  actionpack (4.0.0) lib/action_dispatch/middleware/static.rb:64:in `call'
  railties (4.0.0) lib/rails/engine.rb:511:in `call'
  railties (4.0.0) lib/rails/application.rb:97:in `call'
  rack (1.5.2) lib/rack/lock.rb:17:in `call'
  rack (1.5.2) lib/rack/content_length.rb:14:in `call'
  rack (1.5.2) lib/rack/handler/webrick.rb:60:in `service'
  /Users/javier/.rvm/rubies/ruby-2.0.0-p247/lib/ruby/2.0.0/webrick/httpserver.rb:138:in `service'
  /Users/javier/.rvm/rubies/ruby-2.0.0-p247/lib/ruby/2.0.0/webrick/httpserver.rb:94:in `run'
  /Users/javier/.rvm/rubies/ruby-2.0.0-p247/lib/ruby/2.0.0/webrick/server.rb:295:in `block in start_thread'


  Rendered /Users/javier/.rvm/gems/ruby-2.0.0-p247@qm/gems/actionpack-4.0.0/lib/action_dispatch/middleware/templates/rescues/_trace.erb (1.2ms)
  Rendered /Users/javier/.rvm/gems/ruby-2.0.0-p247@qm/gems/actionpack-4.0.0/lib/action_dispatch/middleware/templates/routes/_route.html.erb (1.8ms)
  Rendered /Users/javier/.rvm/gems/ruby-2.0.0-p247@qm/gems/actionpack-4.0.0/lib/action_dispatch/middleware/templates/routes/_table.html.erb (1.2ms)
  Rendered /Users/javier/.rvm/gems/ruby-2.0.0-p247@qm/gems/actionpack-4.0.0/lib/action_dispatch/middleware/templates/rescues/routing_error.erb within rescues/layout (20.5ms)


Started GET "/" for 127.0.0.1 at 2013-07-31 00:20:22 +0200
Processing by HomeController#index as HTML
  Rendered home/index.html.erb within layouts/application (0.1ms)
Completed 200 OK in 51ms (Views: 50.1ms | ActiveRecord: 0.0ms)


Started GET "/assets/application.css?body=1" for 127.0.0.1 at 2013-07-31 00:20:22 +0200


Started GET "/assets/home.css?body=1" for 127.0.0.1 at 2013-07-31 00:20:22 +0200


Started GET "/assets/jquery.js?body=1" for 127.0.0.1 at 2013-07-31 00:20:22 +0200


Started GET "/assets/jquery_ujs.js?body=1" for 127.0.0.1 at 2013-07-31 00:20:22 +0200


Started GET "/assets/turbolinks.js?body=1" for 127.0.0.1 at 2013-07-31 00:20:22 +0200


Started GET "/assets/home.js?body=1" for 127.0.0.1 at 2013-07-31 00:20:22 +0200


Started GET "/assets/application.js?body=1" for 127.0.0.1 at 2013-07-31 00:20:22 +0200


Started GET "/" for 127.0.0.1 at 2013-07-31 00:22:01 +0200
Processing by HomeController#index as HTML
  Rendered home/index.html.erb within layouts/application (0.3ms)
Completed 200 OK in 5ms (Views: 4.3ms | ActiveRecord: 0.0ms)


Started GET "/assets/application.css?body=1" for 127.0.0.1 at 2013-07-31 00:22:01 +0200


Started GET "/assets/jquery.js?body=1" for 127.0.0.1 at 2013-07-31 00:22:01 +0200


Started GET "/assets/application.js?body=1" for 127.0.0.1 at 2013-07-31 00:22:01 +0200


Started GET "/assets/home.css?body=1" for 127.0.0.1 at 2013-07-31 00:22:01 +0200


Started GET "/assets/turbolinks.js?body=1" for 127.0.0.1 at 2013-07-31 00:22:01 +0200


Started GET "/assets/jquery_ujs.js?body=1" for 127.0.0.1 at 2013-07-31 00:22:01 +0200


Started GET "/assets/home.js?body=1" for 127.0.0.1 at 2013-07-31 00:22:01 +0200


Started GET "/" for 127.0.0.1 at 2013-07-31 00:24:40 +0200
  [1m[36mActiveRecord::SchemaMigration Load (0.6ms)[0m  [1mSELECT "schema_migrations".* FROM "schema_migrations"[0m
Processing by HomeController#index as HTML
  Rendered home/index.html.erb within layouts/application (2.0ms)
Completed 200 OK in 133ms (Views: 76.6ms | ActiveRecord: 0.0ms)


Started GET "/assets/application.css?body=1" for 127.0.0.1 at 2013-07-31 00:24:40 +0200


Started GET "/assets/home.css?body=1" for 127.0.0.1 at 2013-07-31 00:24:40 +0200


Started GET "/assets/jquery.js?body=1" for 127.0.0.1 at 2013-07-31 00:24:40 +0200


Started GET "/assets/jquery_ujs.js?body=1" for 127.0.0.1 at 2013-07-31 00:24:40 +0200


Started GET "/assets/application.js?body=1" for 127.0.0.1 at 2013-07-31 00:24:40 +0200


Started GET "/assets/turbolinks.js?body=1" for 127.0.0.1 at 2013-07-31 00:24:40 +0200


Started GET "/assets/home.js?body=1" for 127.0.0.1 at 2013-07-31 00:24:40 +0200


Started GET "/users/sign_in" for 127.0.0.1 at 2013-07-31 00:24:43 +0200
Processing by Devise::SessionsController#new as HTML
  [1m[35mUser Load (0.9ms)[0m  SELECT "users".* FROM "users" WHERE "users"."id" = 1 ORDER BY "users"."id" ASC LIMIT 1
Redirected to http://localhost:3000/
Filter chain halted as :require_no_authentication rendered or redirected
Completed 302 Found in 140ms (ActiveRecord: 2.9ms)


Started GET "/" for 127.0.0.1 at 2013-07-31 00:24:43 +0200
Processing by HomeController#index as HTML
  Rendered home/index.html.erb within layouts/application (0.4ms)
Completed 200 OK in 5ms (Views: 4.5ms | ActiveRecord: 0.0ms)


Started GET "/users/sign_in" for 127.0.0.1 at 2013-07-31 00:24:50 +0200
Processing by Devise::SessionsController#new as HTML
  [1m[36mUser Load (0.7ms)[0m  [1mSELECT "users".* FROM "users" WHERE "users"."id" = 1 ORDER BY "users"."id" ASC LIMIT 1[0m
Redirected to http://localhost:3000/
Filter chain halted as :require_no_authentication rendered or redirected
Completed 302 Found in 3ms (ActiveRecord: 0.7ms)


Started GET "/" for 127.0.0.1 at 2013-07-31 00:24:50 +0200
Processing by HomeController#index as HTML
  Rendered home/index.html.erb within layouts/application (0.1ms)
Completed 200 OK in 4ms (Views: 3.7ms | ActiveRecord: 0.0ms)


Started GET "/" for 127.0.0.1 at 2013-07-31 00:25:19 +0200
Processing by HomeController#index as HTML
  Rendered home/index.html.erb within layouts/application (0.5ms)
Completed 200 OK in 5ms (Views: 4.1ms | ActiveRecord: 0.0ms)


Started GET "/assets/application.css?body=1" for 127.0.0.1 at 2013-07-31 00:25:19 +0200


Started GET "/assets/home.css?body=1" for 127.0.0.1 at 2013-07-31 00:25:19 +0200


Started GET "/assets/application.js?body=1" for 127.0.0.1 at 2013-07-31 00:25:19 +0200


Started GET "/assets/jquery.js?body=1" for 127.0.0.1 at 2013-07-31 00:25:19 +0200


Started GET "/assets/jquery_ujs.js?body=1" for 127.0.0.1 at 2013-07-31 00:25:19 +0200


Started GET "/assets/home.js?body=1" for 127.0.0.1 at 2013-07-31 00:25:19 +0200


Started GET "/assets/turbolinks.js?body=1" for 127.0.0.1 at 2013-07-31 00:25:19 +0200


Started GET "/users/sign_up" for 127.0.0.1 at 2013-07-31 00:25:21 +0200
Processing by Devise::RegistrationsController#new as HTML
  [1m[35mUser Load (0.7ms)[0m  SELECT "users".* FROM "users" WHERE "users"."id" = 1 ORDER BY "users"."id" ASC LIMIT 1
Redirected to http://localhost:3000/
Filter chain halted as :require_no_authentication rendered or redirected
Completed 302 Found in 4ms (ActiveRecord: 0.7ms)


Started GET "/" for 127.0.0.1 at 2013-07-31 00:25:21 +0200
Processing by HomeController#index as HTML
  Rendered home/index.html.erb within layouts/application (0.5ms)
Completed 200 OK in 5ms (Views: 4.4ms | ActiveRecord: 0.0ms)


Started GET "/users/sign_up" for 127.0.0.1 at 2013-07-31 00:25:24 +0200
Processing by Devise::RegistrationsController#new as HTML
  [1m[36mUser Load (0.5ms)[0m  [1mSELECT "users".* FROM "users" WHERE "users"."id" = 1 ORDER BY "users"."id" ASC LIMIT 1[0m
Redirected to http://localhost:3000/
Filter chain halted as :require_no_authentication rendered or redirected
Completed 302 Found in 3ms (ActiveRecord: 0.5ms)


Started GET "/" for 127.0.0.1 at 2013-07-31 00:25:24 +0200
Processing by HomeController#index as HTML
  Rendered home/index.html.erb within layouts/application (0.1ms)
Completed 200 OK in 4ms (Views: 3.9ms | ActiveRecord: 0.0ms)


Started GET "/users/sign_up" for 127.0.0.1 at 2013-07-31 00:25:28 +0200
Processing by Devise::RegistrationsController#new as HTML
  [1m[35mUser Load (0.5ms)[0m  SELECT "users".* FROM "users" WHERE "users"."id" = 1 ORDER BY "users"."id" ASC LIMIT 1
Redirected to http://localhost:3000/
Filter chain halted as :require_no_authentication rendered or redirected
Completed 302 Found in 2ms (ActiveRecord: 0.5ms)


Started GET "/" for 127.0.0.1 at 2013-07-31 00:25:28 +0200
Processing by HomeController#index as HTML
  Rendered home/index.html.erb within layouts/application (0.1ms)
Completed 200 OK in 5ms (Views: 4.5ms | ActiveRecord: 0.0ms)


Started GET "/assets/application.css?body=1" for 127.0.0.1 at 2013-07-31 00:25:28 +0200


Started GET "/assets/jquery_ujs.js?body=1" for 127.0.0.1 at 2013-07-31 00:25:28 +0200


Started GET "/assets/jquery.js?body=1" for 127.0.0.1 at 2013-07-31 00:25:28 +0200


Started GET "/assets/turbolinks.js?body=1" for 127.0.0.1 at 2013-07-31 00:25:28 +0200


Started GET "/assets/home.css?body=1" for 127.0.0.1 at 2013-07-31 00:25:28 +0200


Started GET "/assets/home.js?body=1" for 127.0.0.1 at 2013-07-31 00:25:28 +0200


Started GET "/assets/application.js?body=1" for 127.0.0.1 at 2013-07-31 00:25:28 +0200


Started GET "/users/sign_up" for 127.0.0.1 at 2013-07-31 00:25:46 +0200
Processing by Devise::RegistrationsController#new as HTML
  [1m[36mUser Load (0.5ms)[0m  [1mSELECT "users".* FROM "users" WHERE "users"."id" = 1 ORDER BY "users"."id" ASC LIMIT 1[0m
Redirected to http://localhost:3000/
Filter chain halted as :require_no_authentication rendered or redirected
Completed 302 Found in 3ms (ActiveRecord: 0.5ms)


Started GET "/" for 127.0.0.1 at 2013-07-31 00:25:46 +0200
Processing by HomeController#index as HTML
  Rendered home/index.html.erb within layouts/application (0.2ms)
Completed 200 OK in 5ms (Views: 4.5ms | ActiveRecord: 0.0ms)


Started GET "/users/sign_in" for 127.0.0.1 at 2013-07-31 00:26:06 +0200
Processing by Devise::SessionsController#new as HTML
  [1m[35mUser Load (0.5ms)[0m  SELECT "users".* FROM "users" WHERE "users"."id" = 1 ORDER BY "users"."id" ASC LIMIT 1
Redirected to http://localhost:3000/
Filter chain halted as :require_no_authentication rendered or redirected
Completed 302 Found in 2ms (ActiveRecord: 0.5ms)


Started GET "/" for 127.0.0.1 at 2013-07-31 00:26:06 +0200
Processing by HomeController#index as HTML
  Rendered home/index.html.erb within layouts/application (0.1ms)
Completed 200 OK in 6ms (Views: 5.1ms | ActiveRecord: 0.0ms)


Started GET "/assets/application.css?body=1" for 127.0.0.1 at 2013-07-31 00:26:06 +0200


Started GET "/assets/application.js?body=1" for 127.0.0.1 at 2013-07-31 00:26:06 +0200


Started GET "/assets/home.css?body=1" for 127.0.0.1 at 2013-07-31 00:26:06 +0200


Started GET "/assets/jquery_ujs.js?body=1" for 127.0.0.1 at 2013-07-31 00:26:06 +0200


Started GET "/assets/jquery.js?body=1" for 127.0.0.1 at 2013-07-31 00:26:06 +0200


Started GET "/assets/turbolinks.js?body=1" for 127.0.0.1 at 2013-07-31 00:26:06 +0200


Started GET "/assets/home.js?body=1" for 127.0.0.1 at 2013-07-31 00:26:06 +0200


Started GET "/users/sign_up" for 127.0.0.1 at 2013-07-31 00:26:13 +0200
Processing by Devise::RegistrationsController#new as HTML
  [1m[36mUser Load (0.6ms)[0m  [1mSELECT "users".* FROM "users" WHERE "users"."id" = 1 ORDER BY "users"."id" ASC LIMIT 1[0m
Redirected to http://localhost:3000/
Filter chain halted as :require_no_authentication rendered or redirected
Completed 302 Found in 3ms (ActiveRecord: 0.6ms)


Started GET "/" for 127.0.0.1 at 2013-07-31 00:26:13 +0200
Processing by HomeController#index as HTML
  Rendered home/index.html.erb within layouts/application (0.1ms)
Completed 200 OK in 4ms (Views: 4.0ms | ActiveRecord: 0.0ms)


Started GET "/assets/application.css?body=1" for 127.0.0.1 at 2013-07-31 00:26:13 +0200


Started GET "/assets/home.css?body=1" for 127.0.0.1 at 2013-07-31 00:26:13 +0200


Started GET "/assets/turbolinks.js?body=1" for 127.0.0.1 at 2013-07-31 00:26:13 +0200


Started GET "/assets/jquery.js?body=1" for 127.0.0.1 at 2013-07-31 00:26:13 +0200


Started GET "/assets/jquery_ujs.js?body=1" for 127.0.0.1 at 2013-07-31 00:26:13 +0200


Started GET "/assets/home.js?body=1" for 127.0.0.1 at 2013-07-31 00:26:13 +0200


Started GET "/assets/application.js?body=1" for 127.0.0.1 at 2013-07-31 00:26:13 +0200


Started GET "/" for 127.0.0.1 at 2013-07-31 00:26:18 +0200
Processing by HomeController#index as HTML
  Rendered home/index.html.erb within layouts/application (0.1ms)
Completed 200 OK in 4ms (Views: 3.9ms | ActiveRecord: 0.0ms)


Started GET "/assets/application.css?body=1" for 127.0.0.1 at 2013-07-31 00:26:19 +0200


Started GET "/assets/home.css?body=1" for 127.0.0.1 at 2013-07-31 00:26:19 +0200


Started GET "/assets/jquery_ujs.js?body=1" for 127.0.0.1 at 2013-07-31 00:26:19 +0200


Started GET "/assets/home.js?body=1" for 127.0.0.1 at 2013-07-31 00:26:19 +0200


Started GET "/assets/jquery.js?body=1" for 127.0.0.1 at 2013-07-31 00:26:19 +0200


Started GET "/assets/turbolinks.js?body=1" for 127.0.0.1 at 2013-07-31 00:26:19 +0200


Started GET "/assets/application.js?body=1" for 127.0.0.1 at 2013-07-31 00:26:19 +0200


Started GET "/users/sign_up" for 127.0.0.1 at 2013-07-31 00:26:22 +0200
Processing by Devise::RegistrationsController#new as HTML
  [1m[35mUser Load (0.5ms)[0m  SELECT "users".* FROM "users" WHERE "users"."id" = 1 ORDER BY "users"."id" ASC LIMIT 1
Redirected to http://localhost:3000/
Filter chain halted as :require_no_authentication rendered or redirected
Completed 302 Found in 2ms (ActiveRecord: 0.5ms)


Started GET "/" for 127.0.0.1 at 2013-07-31 00:26:22 +0200
Processing by HomeController#index as HTML
  Rendered home/index.html.erb within layouts/application (0.1ms)
Completed 200 OK in 6ms (Views: 5.0ms | ActiveRecord: 0.0ms)


Started GET "/assets/application.css?body=1" for 127.0.0.1 at 2013-07-31 00:26:22 +0200


Started GET "/assets/home.css?body=1" for 127.0.0.1 at 2013-07-31 00:26:22 +0200


Started GET "/assets/jquery.js?body=1" for 127.0.0.1 at 2013-07-31 00:26:22 +0200


Started GET "/assets/turbolinks.js?body=1" for 127.0.0.1 at 2013-07-31 00:26:22 +0200


Started GET "/assets/jquery_ujs.js?body=1" for 127.0.0.1 at 2013-07-31 00:26:22 +0200


Started GET "/assets/home.js?body=1" for 127.0.0.1 at 2013-07-31 00:26:22 +0200


Started GET "/assets/application.js?body=1" for 127.0.0.1 at 2013-07-31 00:26:22 +0200


Started GET "/users/sign_up" for 127.0.0.1 at 2013-07-31 00:26:48 +0200
Processing by Devise::RegistrationsController#new as HTML
  Rendered /Users/javier/.rvm/gems/ruby-2.0.0-p247@qm/gems/devise-3.0.0.rc/app/views/devise/shared/_links.erb (3.2ms)
  Rendered /Users/javier/.rvm/gems/ruby-2.0.0-p247@qm/gems/devise-3.0.0.rc/app/views/devise/registrations/new.html.erb within layouts/application (213.4ms)
Completed 200 OK in 235ms (Views: 224.7ms | ActiveRecord: 0.0ms)


Started GET "/assets/application.css?body=1" for 127.0.0.1 at 2013-07-31 00:26:49 +0200


Started GET "/assets/home.css?body=1" for 127.0.0.1 at 2013-07-31 00:26:49 +0200


Started GET "/assets/application.js?body=1" for 127.0.0.1 at 2013-07-31 00:26:49 +0200


Started GET "/assets/jquery_ujs.js?body=1" for 127.0.0.1 at 2013-07-31 00:26:49 +0200


Started GET "/assets/jquery.js?body=1" for 127.0.0.1 at 2013-07-31 00:26:49 +0200


Started GET "/assets/turbolinks.js?body=1" for 127.0.0.1 at 2013-07-31 00:26:49 +0200


Started GET "/assets/home.js?body=1" for 127.0.0.1 at 2013-07-31 00:26:49 +0200


Started GET "/" for 127.0.0.1 at 2013-07-31 00:26:55 +0200
Processing by HomeController#index as HTML
  Rendered home/index.html.erb within layouts/application (0.1ms)
Completed 200 OK in 5ms (Views: 4.1ms | ActiveRecord: 0.0ms)


Started GET "/assets/home.css?body=1" for 127.0.0.1 at 2013-07-31 00:26:55 +0200


Started GET "/assets/application.css?body=1" for 127.0.0.1 at 2013-07-31 00:26:55 +0200


Started GET "/assets/jquery_ujs.js?body=1" for 127.0.0.1 at 2013-07-31 00:26:55 +0200


Started GET "/assets/turbolinks.js?body=1" for 127.0.0.1 at 2013-07-31 00:26:55 +0200


Started GET "/assets/jquery.js?body=1" for 127.0.0.1 at 2013-07-31 00:26:55 +0200


Started GET "/assets/home.js?body=1" for 127.0.0.1 at 2013-07-31 00:26:55 +0200


Started GET "/assets/application.js?body=1" for 127.0.0.1 at 2013-07-31 00:26:55 +0200


Started GET "/users/sign_up" for 127.0.0.1 at 2013-07-31 00:26:57 +0200
Processing by Devise::RegistrationsController#new as HTML
  Rendered /Users/javier/.rvm/gems/ruby-2.0.0-p247@qm/gems/devise-3.0.0.rc/app/views/devise/shared/_links.erb (33.6ms)
  Rendered /Users/javier/.rvm/gems/ruby-2.0.0-p247@qm/gems/devise-3.0.0.rc/app/views/devise/registrations/new.html.erb within layouts/application (36.7ms)
Completed 200 OK in 43ms (Views: 41.6ms | ActiveRecord: 0.0ms)
